[debug] [2025-11-04T18:54:18.539Z] ----------------------------------------------------------------------
[debug] [2025-11-04T18:54:18.551Z] Command:       /usr/local/bin/firebase /Users/bruno/.cache/firebase/tools/lib/node_modules/firebase-tools/lib/bin/firebase deploy --only functions:receiveLead
[debug] [2025-11-04T18:54:18.552Z] CLI Version:   14.22.0
[debug] [2025-11-04T18:54:18.552Z] Platform:      darwin
[debug] [2025-11-04T18:54:18.552Z] Node Version:  v20.18.2
[debug] [2025-11-04T18:54:18.552Z] Time:          Tue Nov 04 2025 15:54:18 GMT-0300 (Brasilia Standard Time)
[debug] [2025-11-04T18:54:18.553Z] ----------------------------------------------------------------------
[debug] 
[debug] [2025-11-04T18:54:18.786Z] > command requires scopes: ["email","openid","https://www.googleapis.com/auth/cloudplatformprojects.readonly","https://www.googleapis.com/auth/firebase","https://www.googleapis.com/auth/cloud-platform"]
[debug] [2025-11-04T18:54:18.788Z] > authorizing via signed-in user (mediagrowthmkt@gmail.com)
[debug] [2025-11-04T18:54:18.788Z] [iam] checking project mediagrowth-a5349 for permissions ["cloudfunctions.functions.create","cloudfunctions.functions.delete","cloudfunctions.functions.get","cloudfunctions.functions.list","cloudfunctions.functions.update","cloudfunctions.operations.get","firebase.projects.get"]
[debug] [2025-11-04T18:54:18.791Z] Checked if tokens are valid: true, expires at: 1762285282936
[debug] [2025-11-04T18:54:18.792Z] Checked if tokens are valid: true, expires at: 1762285282936
[debug] [2025-11-04T18:54:18.793Z] >>> [apiv2][query] POST https://cloudresourcemanager.googleapis.com/v1/projects/mediagrowth-a5349:testIamPermissions [none]
[debug] [2025-11-04T18:54:18.794Z] >>> [apiv2][(partial)header] POST https://cloudresourcemanager.googleapis.com/v1/projects/mediagrowth-a5349:testIamPermissions x-goog-quota-user=projects/mediagrowth-a5349
[debug] [2025-11-04T18:54:18.794Z] >>> [apiv2][body] POST https://cloudresourcemanager.googleapis.com/v1/projects/mediagrowth-a5349:testIamPermissions {"permissions":["cloudfunctions.functions.create","cloudfunctions.functions.delete","cloudfunctions.functions.get","cloudfunctions.functions.list","cloudfunctions.functions.update","cloudfunctions.operations.get","firebase.projects.get"]}
[debug] [2025-11-04T18:54:20.506Z] <<< [apiv2][status] POST https://cloudresourcemanager.googleapis.com/v1/projects/mediagrowth-a5349:testIamPermissions 200
[debug] [2025-11-04T18:54:20.507Z] <<< [apiv2][body] POST https://cloudresourcemanager.googleapis.com/v1/projects/mediagrowth-a5349:testIamPermissions {"permissions":["cloudfunctions.functions.create","cloudfunctions.functions.delete","cloudfunctions.functions.get","cloudfunctions.functions.list","cloudfunctions.functions.update","cloudfunctions.operations.get","firebase.projects.get"]}
[debug] [2025-11-04T18:54:20.509Z] Checked if tokens are valid: true, expires at: 1762285282936
[debug] [2025-11-04T18:54:20.509Z] Checked if tokens are valid: true, expires at: 1762285282936
[debug] [2025-11-04T18:54:20.509Z] >>> [apiv2][query] POST https://iam.googleapis.com/v1/projects/mediagrowth-a5349/serviceAccounts/mediagrowth-a5349@appspot.gserviceaccount.com:testIamPermissions [none]
[debug] [2025-11-04T18:54:20.509Z] >>> [apiv2][body] POST https://iam.googleapis.com/v1/projects/mediagrowth-a5349/serviceAccounts/mediagrowth-a5349@appspot.gserviceaccount.com:testIamPermissions {"permissions":["iam.serviceAccounts.actAs"]}
[debug] [2025-11-04T18:54:21.468Z] <<< [apiv2][status] POST https://iam.googleapis.com/v1/projects/mediagrowth-a5349/serviceAccounts/mediagrowth-a5349@appspot.gserviceaccount.com:testIamPermissions 200
[debug] [2025-11-04T18:54:21.469Z] <<< [apiv2][body] POST https://iam.googleapis.com/v1/projects/mediagrowth-a5349/serviceAccounts/mediagrowth-a5349@appspot.gserviceaccount.com:testIamPermissions {"permissions":["iam.serviceAccounts.actAs"]}
[info] 
[info] === Deploying to 'mediagrowth-a5349'...
[info] 
[info] i  deploying functions 
[debug] [2025-11-04T18:54:21.474Z] Checked if tokens are valid: true, expires at: 1762285282936
[debug] [2025-11-04T18:54:21.474Z] Checked if tokens are valid: true, expires at: 1762285282936
[debug] [2025-11-04T18:54:21.474Z] >>> [apiv2][query] GET https://cloudresourcemanager.googleapis.com/v1/projects/mediagrowth-a5349 [none]
[debug] [2025-11-04T18:54:21.691Z] <<< [apiv2][status] GET https://cloudresourcemanager.googleapis.com/v1/projects/mediagrowth-a5349 200
[debug] [2025-11-04T18:54:21.691Z] <<< [apiv2][body] GET https://cloudresourcemanager.googleapis.com/v1/projects/mediagrowth-a5349 {"projectNumber":"1074237637946","projectId":"mediagrowth-a5349","lifecycleState":"ACTIVE","name":"mediagrowth","labels":{"firebase":"enabled","firebase-core":"disabled"},"createTime":"2025-08-22T15:56:55.382815Z"}
[info] i  functions: preparing codebase default for deployment 
[info] i  functions: ensuring required API cloudfunctions.googleapis.com is enabled... 
[info] i  functions: ensuring required API cloudbuild.googleapis.com is enabled... 
[info] i  artifactregistry: ensuring required API artifactregistry.googleapis.com is enabled... 
[debug] [2025-11-04T18:54:21.694Z] Checked if tokens are valid: true, expires at: 1762285282936
[debug] [2025-11-04T18:54:21.694Z] Checked if tokens are valid: true, expires at: 1762285282936
[debug] [2025-11-04T18:54:21.694Z] >>> [apiv2][query] GET https://firebase.googleapis.com/v1beta1/projects/mediagrowth-a5349/adminSdkConfig [none]
[debug] [2025-11-04T18:54:22.225Z] <<< [apiv2][status] GET https://firebase.googleapis.com/v1beta1/projects/mediagrowth-a5349/adminSdkConfig 200
[debug] [2025-11-04T18:54:22.226Z] <<< [apiv2][body] GET https://firebase.googleapis.com/v1beta1/projects/mediagrowth-a5349/adminSdkConfig {"projectId":"mediagrowth-a5349","storageBucket":"mediagrowth-a5349.firebasestorage.app"}
[debug] [2025-11-04T18:54:22.234Z] Validating nodejs source
[debug] [2025-11-04T18:54:22.260Z] checkFunctionsSDKVersion was unable to fetch information from NPM Error: spawnSync npm Unknown system error -8
    at Object.spawnSync (node:internal/child_process:1123:20)
    at Object.spawnSync (node:child_process:877:24)
    at Object.spawnSync (pkg/prelude/bootstrap.js:2092:31)
    at Function.spawnSync [as sync] (/Users/bruno/.cache/firebase/tools/lib/node_modules/cross-spawn/index.js:26:23)
    at Object.getLatestSDKVersion (/Users/bruno/.cache/firebase/tools/lib/node_modules/firebase-tools/lib/deploy/functions/runtimes/node/versioning.js:54:25)
    at Object.checkFunctionsSDKVersion (/Users/bruno/.cache/firebase/tools/lib/node_modules/firebase-tools/lib/deploy/functions/runtimes/node/versioning.js:74:32)
    at Delegate.validate (/Users/bruno/.cache/firebase/tools/lib/node_modules/firebase-tools/lib/deploy/functions/runtimes/node/index.js:89:20)
    at loadCodebases (/Users/bruno/.cache/firebase/tools/lib/node_modules/firebase-tools/lib/deploy/functions/prepare.js:312:31)
    at async prepare (/Users/bruno/.cache/firebase/tools/lib/node_modules/firebase-tools/lib/deploy/functions/prepare.js:62:24)
    at async chain (/Users/bruno/.cache/firebase/tools/lib/node_modules/firebase-tools/lib/deploy/index.js:43:9)
[debug] [2025-11-04T18:54:22.261Z] > [functions] package.json contents: {
  "name": "functions",
  "scripts": {
    "build": "tsc",
    "build:watch": "tsc --watch",
    "serve": "npm run build && firebase emulators:start --only functions",
    "shell": "npm run build && firebase functions:shell",
    "start": "npm run shell",
    "deploy": "firebase deploy --only functions",
    "logs": "firebase functions:log"
  },
  "engines": {
    "node": "22"
  },
  "main": "lib/index.js",
  "dependencies": {
    "firebase-admin": "^12.6.0",
    "firebase-functions": "^6.0.1"
  },
  "devDependencies": {
    "typescript": "^5.7.3",
    "firebase-functions-test": "^3.1.0"
  },
  "private": true
}
[debug] [2025-11-04T18:54:22.262Z] Building nodejs source
[info] i  functions: Loading and analyzing source code for codebase default to determine what to deploy 
[debug] [2025-11-04T18:54:22.268Z] Could not find functions.yaml. Must use http discovery
[debug] [2025-11-04T18:54:22.291Z] Found firebase-functions binary at '/Users/bruno/Documents/DJSXVC/DASHBOARD MEDIAGROWHT/ATUALIZAÇÕES PREPLATAFORMA AGORA/functions/node_modules/.bin/firebase-functions'
[info] Serving at port 8393

[debug] [2025-11-04T18:54:25.394Z] Got response from /__/functions.yaml {"endpoints":{"becomeAgency":{"availableMemoryMb":null,"timeoutSeconds":null,"minInstances":null,"maxInstances":null,"ingressSettings":null,"concurrency":null,"serviceAccountEmail":null,"vpc":null,"platform":"gcfv2","labels":{},"callableTrigger":{},"entryPoint":"becomeAgency"},"receiveLead":{"availableMemoryMb":null,"timeoutSeconds":null,"minInstances":null,"maxInstances":null,"ingressSettings":null,"concurrency":null,"serviceAccountEmail":null,"vpc":null,"platform":"gcfv2","labels":{},"httpsTrigger":{},"entryPoint":"receiveLead"}},"specVersion":"v1alpha1","requiredAPIs":[],"extensions":{}}
[info] i  extensions: ensuring required API firebaseextensions.googleapis.com is enabled... 
[debug] [2025-11-04T18:54:29.533Z] > command requires scopes: ["email","openid","https://www.googleapis.com/auth/cloudplatformprojects.readonly","https://www.googleapis.com/auth/firebase","https://www.googleapis.com/auth/cloud-platform"]
[debug] [2025-11-04T18:54:29.534Z] > authorizing via signed-in user (mediagrowthmkt@gmail.com)
[debug] [2025-11-04T18:54:29.534Z] [iam] checking project mediagrowth-a5349 for permissions ["firebase.projects.get","firebaseextensions.instances.list"]
[debug] [2025-11-04T18:54:29.535Z] Checked if tokens are valid: true, expires at: 1762285282936
[debug] [2025-11-04T18:54:29.535Z] Checked if tokens are valid: true, expires at: 1762285282936
[debug] [2025-11-04T18:54:29.535Z] >>> [apiv2][query] POST https://cloudresourcemanager.googleapis.com/v1/projects/mediagrowth-a5349:testIamPermissions [none]
[debug] [2025-11-04T18:54:29.535Z] >>> [apiv2][(partial)header] POST https://cloudresourcemanager.googleapis.com/v1/projects/mediagrowth-a5349:testIamPermissions x-goog-quota-user=projects/mediagrowth-a5349
[debug] [2025-11-04T18:54:29.535Z] >>> [apiv2][body] POST https://cloudresourcemanager.googleapis.com/v1/projects/mediagrowth-a5349:testIamPermissions {"permissions":["firebase.projects.get","firebaseextensions.instances.list"]}
[debug] [2025-11-04T18:54:30.491Z] <<< [apiv2][status] POST https://cloudresourcemanager.googleapis.com/v1/projects/mediagrowth-a5349:testIamPermissions 200
[debug] [2025-11-04T18:54:30.492Z] <<< [apiv2][body] POST https://cloudresourcemanager.googleapis.com/v1/projects/mediagrowth-a5349:testIamPermissions {"permissions":["firebase.projects.get","firebaseextensions.instances.list"]}
[debug] [2025-11-04T18:54:30.493Z] Checked if tokens are valid: true, expires at: 1762285282936
[debug] [2025-11-04T18:54:30.494Z] Checked if tokens are valid: true, expires at: 1762285282936
[debug] [2025-11-04T18:54:30.496Z] >>> [apiv2][query] GET https://firebaseextensions.googleapis.com/v1beta/projects/mediagrowth-a5349/instances pageSize=100&pageToken=
[debug] [2025-11-04T18:54:31.720Z] <<< [apiv2][status] GET https://firebaseextensions.googleapis.com/v1beta/projects/mediagrowth-a5349/instances 200
[debug] [2025-11-04T18:54:31.720Z] <<< [apiv2][body] GET https://firebaseextensions.googleapis.com/v1beta/projects/mediagrowth-a5349/instances {}
[info] i  functions: preparing functions directory for uploading... 
[info] i  functions: packaged /Users/bruno/Documents/DJSXVC/DASHBOARD MEDIAGROWHT/ATUALIZAÇÕES PREPLATAFORMA AGORA/functions (75.14 KB) for uploading 
[debug] [2025-11-04T18:54:31.845Z] Checked if tokens are valid: true, expires at: 1762285282936
[debug] [2025-11-04T18:54:31.845Z] Checked if tokens are valid: true, expires at: 1762285282936
[debug] [2025-11-04T18:54:31.846Z] >>> [apiv2][query] GET https://cloudfunctions.googleapis.com/v1/projects/mediagrowth-a5349/locations/-/functions [none]
[debug] [2025-11-04T18:54:32.979Z] <<< [apiv2][status] GET https://cloudfunctions.googleapis.com/v1/projects/mediagrowth-a5349/locations/-/functions 200
[debug] [2025-11-04T18:54:32.979Z] <<< [apiv2][body] GET https://cloudfunctions.googleapis.com/v1/projects/mediagrowth-a5349/locations/-/functions {}
[debug] [2025-11-04T18:54:32.981Z] Checked if tokens are valid: true, expires at: 1762285282936
[debug] [2025-11-04T18:54:32.982Z] Checked if tokens are valid: true, expires at: 1762285282936
[debug] [2025-11-04T18:54:32.988Z] >>> [apiv2][query] GET https://cloudfunctions.googleapis.com/v2/projects/mediagrowth-a5349/locations/-/functions filter=environment%3D%22GEN_2%22
[debug] [2025-11-04T18:54:34.319Z] <<< [apiv2][status] GET https://cloudfunctions.googleapis.com/v2/projects/mediagrowth-a5349/locations/-/functions 200
[debug] [2025-11-04T18:54:34.320Z] <<< [apiv2][body] GET https://cloudfunctions.googleapis.com/v2/projects/mediagrowth-a5349/locations/-/functions {"functions":[{"name":"projects/mediagrowth-a5349/locations/us-central1/functions/grantClientClaims","buildConfig":{"build":"projects/1074237637946/locations/us-central1/builds/30c90af0-16cf-46bd-a5b8-3cd41657bf2a","runtime":"nodejs22","entryPoint":"grantClientClaims","source":{"storageSource":{"bucket":"gcf-v2-sources-1074237637946-us-central1","object":"grantClientClaims/function-source.zip","generation":"1761495025667039"}},"environmentVariables":{"GOOGLE_NODE_RUN_SCRIPTS":""},"dockerRepository":"projects/mediagrowth-a5349/locations/us-central1/repositories/gcf-artifacts","sourceProvenance":{"resolvedStorageSource":{"bucket":"gcf-v2-sources-1074237637946-us-central1","object":"grantClientClaims/function-source.zip","generation":"1761495025667039"}},"dockerRegistry":"ARTIFACT_REGISTRY","serviceAccount":"projects/mediagrowth-a5349/serviceAccounts/1074237637946-compute@developer.gserviceaccount.com","automaticUpdatePolicy":{}},"serviceConfig":{"service":"projects/mediagrowth-a5349/locations/us-central1/services/grantclientclaims","timeoutSeconds":60,"environmentVariables":{"FIREBASE_CONFIG":"{\"projectId\":\"mediagrowth-a5349\",\"storageBucket\":\"mediagrowth-a5349.firebasestorage.app\"}","GCLOUD_PROJECT":"mediagrowth-a5349","EVENTARC_CLOUD_EVENT_SOURCE":"projects/mediagrowth-a5349/locations/us-central1/services/grantClientClaims","FUNCTION_TARGET":"grantClientClaims","LOG_EXECUTION_ID":"true","FUNCTION_SIGNATURE_TYPE":"http"},"maxInstanceCount":3,"ingressSettings":"ALLOW_ALL","uri":"https://grantclientclaims-2uquufjjxa-uc.a.run.app","serviceAccountEmail":"1074237637946-compute@developer.gserviceaccount.com","availableMemory":"256Mi","allTrafficOnLatestRevision":true,"revision":"grantclientclaims-00001-zom","maxInstanceRequestConcurrency":80,"availableCpu":"1"},"state":"ACTIVE","updateTime":"2025-10-26T16:10:54.407116991Z","labels":{"firebase-functions-hash":"20f1eb24d42b13f216a23fbcb8b3cc40d21f0924","deployment-tool":"cli-firebase"},"environment":"GEN_2","url":"https://us-central1-mediagrowth-a5349.cloudfunctions.net/grantClientClaims","createTime":"2025-10-26T16:10:25.866334413Z","satisfiesPzi":true},{"name":"projects/mediagrowth-a5349/locations/us-central1/functions/becomeAgency","buildConfig":{"build":"projects/1074237637946/locations/us-central1/builds/30c90af0-16cf-46bd-a5b8-3cd41657bf2a","runtime":"nodejs22","entryPoint":"becomeAgency","source":{"storageSource":{"bucket":"gcf-v2-sources-1074237637946-us-central1","object":"becomeAgency/function-source.zip","generation":"1761494946858793"}},"environmentVariables":{"GOOGLE_NODE_RUN_SCRIPTS":""},"dockerRepository":"projects/mediagrowth-a5349/locations/us-central1/repositories/gcf-artifacts","sourceProvenance":{"resolvedStorageSource":{"bucket":"gcf-v2-sources-1074237637946-us-central1","object":"becomeAgency/function-source.zip","generation":"1761494946858793"}},"dockerRegistry":"ARTIFACT_REGISTRY","serviceAccount":"projects/mediagrowth-a5349/serviceAccounts/1074237637946-compute@developer.gserviceaccount.com","automaticUpdatePolicy":{}},"serviceConfig":{"service":"projects/mediagrowth-a5349/locations/us-central1/services/becomeagency","timeoutSeconds":60,"environmentVariables":{"FIREBASE_CONFIG":"{\"projectId\":\"mediagrowth-a5349\",\"storageBucket\":\"mediagrowth-a5349.firebasestorage.app\"}","GCLOUD_PROJECT":"mediagrowth-a5349","EVENTARC_CLOUD_EVENT_SOURCE":"projects/mediagrowth-a5349/locations/us-central1/services/becomeAgency","FUNCTION_TARGET":"becomeAgency","LOG_EXECUTION_ID":"true"},"maxInstanceCount":3,"ingressSettings":"ALLOW_ALL","uri":"https://becomeagency-2uquufjjxa-uc.a.run.app","serviceAccountEmail":"1074237637946-compute@developer.gserviceaccount.com","availableMemory":"256Mi","allTrafficOnLatestRevision":true,"revision":"becomeagency-00001-qeq","maxInstanceRequestConcurrency":80,"availableCpu":"1"},"state":"ACTIVE","updateTime":"2025-10-26T16:10:53.810606052Z","labels":{"deployment-tool":"cli-firebase","firebase-functions-hash":"20f1eb24d42b13f216a23fbcb8b3cc40d21f0924"},"environment":"GEN_2","url":"https://us-central1-mediagrowth-a5349.cloudfunctions.net/becomeAgency","createTime":"2025-10-26T16:09:07.209278140Z","satisfiesPzi":true},{"name":"projects/mediagrowth-a5349/locations/us-central1/functions/receiveLead","buildConfig":{"build":"projects/1074237637946/locations/us-central1/builds/4349c853-ca81-49e0-8729-6e2c52899a61","runtime":"nodejs22","entryPoint":"receiveLead","source":{"storageSource":{"bucket":"gcf-v2-sources-1074237637946-us-central1","object":"receiveLead/function-source.zip","generation":"1762282245945560"}},"environmentVariables":{"GOOGLE_NODE_RUN_SCRIPTS":""},"dockerRepository":"projects/mediagrowth-a5349/locations/us-central1/repositories/gcf-artifacts","sourceProvenance":{"resolvedStorageSource":{"bucket":"gcf-v2-sources-1074237637946-us-central1","object":"receiveLead/function-source.zip","generation":"1762282245945560"}},"dockerRegistry":"ARTIFACT_REGISTRY","serviceAccount":"projects/mediagrowth-a5349/serviceAccounts/1074237637946-compute@developer.gserviceaccount.com","automaticUpdatePolicy":{}},"serviceConfig":{"service":"projects/mediagrowth-a5349/locations/us-central1/services/receivelead","timeoutSeconds":60,"environmentVariables":{"FIREBASE_CONFIG":"{\"projectId\":\"mediagrowth-a5349\",\"storageBucket\":\"mediagrowth-a5349.firebasestorage.app\"}","GCLOUD_PROJECT":"mediagrowth-a5349","EVENTARC_CLOUD_EVENT_SOURCE":"projects/mediagrowth-a5349/locations/us-central1/services/receiveLead","FUNCTION_TARGET":"receiveLead","LOG_EXECUTION_ID":"true"},"maxInstanceCount":3,"ingressSettings":"ALLOW_ALL","uri":"https://receivelead-2uquufjjxa-uc.a.run.app","serviceAccountEmail":"1074237637946-compute@developer.gserviceaccount.com","availableMemory":"256Mi","allTrafficOnLatestRevision":true,"revision":"receivelead-00002-yir","maxInstanceRequestConcurrency":80,"availableCpu":"1"},"state":"ACTIVE","updateTime":"2025-11-04T18:53:19.559126577Z","labels":{"deployment-tool":"cli-firebase","firebase-functions-hash":"c1e579cf846c80772ad36cd868a678f16835ccaa"},"environment":"GEN_2","url":"https://us-central1-mediagrowth-a5349.cloudfunctions.net/receiveLead","createTime":"2025-11-02T20:34:30.657656390Z","satisfiesPzi":true},{"name":"projects/mediagrowth-a5349/locations/us-central1/functions/syncClientLogoToAgency","buildConfig":{"build":"projects/1074237637946/locations/us-central1/builds/39f66af8-2945-4d97-8877-f61b9c01bc9d","runtime":"nodejs22","entryPoint":"syncClientLogoToAgency","source":{"storageSource":{"bucket":"gcf-v2-sources-1074237637946-us-central1","object":"syncClientLogoToAgency/function-source.zip","generation":"1761509726782739"}},"environmentVariables":{"GOOGLE_NODE_RUN_SCRIPTS":""},"dockerRepository":"projects/mediagrowth-a5349/locations/us-central1/repositories/gcf-artifacts","sourceProvenance":{"resolvedStorageSource":{"bucket":"gcf-v2-sources-1074237637946-us-central1","object":"syncClientLogoToAgency/function-source.zip","generation":"1761509726782739"}},"dockerRegistry":"ARTIFACT_REGISTRY","serviceAccount":"projects/mediagrowth-a5349/serviceAccounts/1074237637946-compute@developer.gserviceaccount.com","automaticUpdatePolicy":{}},"serviceConfig":{"service":"projects/mediagrowth-a5349/locations/us-central1/services/syncclientlogotoagency","timeoutSeconds":60,"environmentVariables":{"FIREBASE_CONFIG":"{\"projectId\":\"mediagrowth-a5349\",\"storageBucket\":\"mediagrowth-a5349.firebasestorage.app\"}","GCLOUD_PROJECT":"mediagrowth-a5349","EVENTARC_CLOUD_EVENT_SOURCE":"projects/mediagrowth-a5349/locations/us-central1/services/syncClientLogoToAgency","FUNCTION_SIGNATURE_TYPE":"cloudevent","FUNCTION_TARGET":"syncClientLogoToAgency","LOG_EXECUTION_ID":"true"},"maxInstanceCount":3,"ingressSettings":"ALLOW_ALL","uri":"https://syncclientlogotoagency-2uquufjjxa-uc.a.run.app","serviceAccountEmail":"1074237637946-compute@developer.gserviceaccount.com","availableMemory":"256Mi","allTrafficOnLatestRevision":true,"revision":"syncclientlogotoagency-00001-xok","maxInstanceRequestConcurrency":80,"availableCpu":"1"},"eventTrigger":{"trigger":"projects/mediagrowth-a5349/locations/nam5/triggers/syncclientlogotoagency-440246","triggerRegion":"nam5","eventType":"google.cloud.firestore.document.v1.updated","eventFilters":[{"attribute":"database","value":"(default)"},{"attribute":"namespace","value":"(default)"},{"attribute":"document","value":"usuarios/{userId}/clients/{clientKey}","operator":"match-path-pattern"}],"pubsubTopic":"projects/mediagrowth-a5349/topics/eventarc-nam5-syncclientlogotoagency-440246-621","serviceAccountEmail":"1074237637946-compute@developer.gserviceaccount.com","retryPolicy":"RETRY_POLICY_DO_NOT_RETRY"},"state":"ACTIVE","updateTime":"2025-10-26T20:16:42.187983575Z","labels":{"deployment-tool":"cli-firebase","firebase-functions-hash":"534b21f67e178f1bfcf72936129a9be7a4b1694b"},"environment":"GEN_2","url":"https://us-central1-mediagrowth-a5349.cloudfunctions.net/syncClientLogoToAgency","createTime":"2025-10-26T20:15:27.597028002Z","satisfiesPzi":true}]}
[info] i  functions: ensuring required API run.googleapis.com is enabled... 
[info] i  functions: ensuring required API eventarc.googleapis.com is enabled... 
[info] i  functions: ensuring required API pubsub.googleapis.com is enabled... 
[info] i  functions: ensuring required API storage.googleapis.com is enabled... 
[info] i  functions: generating the service identity for pubsub.googleapis.com... 
[debug] [2025-11-04T18:54:34.330Z] Checked if tokens are valid: true, expires at: 1762285282936
[debug] [2025-11-04T18:54:34.330Z] Checked if tokens are valid: true, expires at: 1762285282936
[info] i  functions: generating the service identity for eventarc.googleapis.com... 
[debug] [2025-11-04T18:54:34.330Z] Checked if tokens are valid: true, expires at: 1762285282936
[debug] [2025-11-04T18:54:34.330Z] Checked if tokens are valid: true, expires at: 1762285282936
[debug] [2025-11-04T18:54:34.331Z] >>> [apiv2][query] POST https://serviceusage.googleapis.com/v1beta1/projects/1074237637946/services/pubsub.googleapis.com:generateServiceIdentity [none]
[debug] [2025-11-04T18:54:34.331Z] >>> [apiv2][(partial)header] POST https://serviceusage.googleapis.com/v1beta1/projects/1074237637946/services/pubsub.googleapis.com:generateServiceIdentity x-goog-quota-user=projects/1074237637946
[debug] [2025-11-04T18:54:34.331Z] >>> [apiv2][body] POST https://serviceusage.googleapis.com/v1beta1/projects/1074237637946/services/pubsub.googleapis.com:generateServiceIdentity {}
[debug] [2025-11-04T18:54:34.332Z] >>> [apiv2][query] POST https://serviceusage.googleapis.com/v1beta1/projects/1074237637946/services/eventarc.googleapis.com:generateServiceIdentity [none]
[debug] [2025-11-04T18:54:34.333Z] >>> [apiv2][(partial)header] POST https://serviceusage.googleapis.com/v1beta1/projects/1074237637946/services/eventarc.googleapis.com:generateServiceIdentity x-goog-quota-user=projects/1074237637946
[debug] [2025-11-04T18:54:34.333Z] >>> [apiv2][body] POST https://serviceusage.googleapis.com/v1beta1/projects/1074237637946/services/eventarc.googleapis.com:generateServiceIdentity {}
[debug] [2025-11-04T18:54:35.530Z] <<< [apiv2][status] POST https://serviceusage.googleapis.com/v1beta1/projects/1074237637946/services/pubsub.googleapis.com:generateServiceIdentity 200
[debug] [2025-11-04T18:54:35.530Z] <<< [apiv2][body] POST https://serviceusage.googleapis.com/v1beta1/projects/1074237637946/services/pubsub.googleapis.com:generateServiceIdentity {"name":"operations/finished.DONE_OPERATION","done":true,"response":{"@type":"type.googleapis.com/google.api.serviceusage.v1beta1.ServiceIdentity","email":"service-1074237637946@gcp-sa-pubsub.iam.gserviceaccount.com","uniqueId":"102640019489780885130"}}
[debug] [2025-11-04T18:54:35.637Z] <<< [apiv2][status] POST https://serviceusage.googleapis.com/v1beta1/projects/1074237637946/services/eventarc.googleapis.com:generateServiceIdentity 200
[debug] [2025-11-04T18:54:35.637Z] <<< [apiv2][body] POST https://serviceusage.googleapis.com/v1beta1/projects/1074237637946/services/eventarc.googleapis.com:generateServiceIdentity {"name":"operations/finished.DONE_OPERATION","done":true,"response":{"@type":"type.googleapis.com/google.api.serviceusage.v1beta1.ServiceIdentity","email":"service-1074237637946@gcp-sa-eventarc.iam.gserviceaccount.com","uniqueId":"110496370354538270427"}}
[debug] [2025-11-04T18:54:35.651Z] Checked if tokens are valid: true, expires at: 1762285282936
[debug] [2025-11-04T18:54:35.652Z] Checked if tokens are valid: true, expires at: 1762285282936
[debug] [2025-11-04T18:54:35.653Z] >>> [apiv2][query] GET https://cloudresourcemanager.googleapis.com/v1/projects/mediagrowth-a5349 [none]
[debug] [2025-11-04T18:54:36.569Z] <<< [apiv2][status] GET https://cloudresourcemanager.googleapis.com/v1/projects/mediagrowth-a5349 200
[debug] [2025-11-04T18:54:36.570Z] <<< [apiv2][body] GET https://cloudresourcemanager.googleapis.com/v1/projects/mediagrowth-a5349 {"projectNumber":"1074237637946","projectId":"mediagrowth-a5349","lifecycleState":"ACTIVE","name":"mediagrowth","labels":{"firebase":"enabled","firebase-core":"disabled"},"createTime":"2025-08-22T15:56:55.382815Z"}
[debug] [2025-11-04T18:54:36.574Z] Checked if tokens are valid: true, expires at: 1762285282936
[debug] [2025-11-04T18:54:36.574Z] Checked if tokens are valid: true, expires at: 1762285282936
[debug] [2025-11-04T18:54:36.575Z] >>> [apiv2][query] GET https://compute.googleapis.com/compute/v1/projects/1074237637946 [none]
[debug] [2025-11-04T18:54:37.751Z] <<< [apiv2][status] GET https://compute.googleapis.com/compute/v1/projects/1074237637946 403
[debug] [2025-11-04T18:54:37.752Z] <<< [apiv2][body] GET https://compute.googleapis.com/compute/v1/projects/1074237637946 {"error":{"code":403,"message":"Compute Engine API has not been used in project 1074237637946 before or it is disabled. Enable it by visiting https://console.developers.google.com/apis/api/compute.googleapis.com/overview?project=1074237637946 then retry. If you enabled this API recently, wait a few minutes for the action to propagate to our systems and retry.","errors":[{"message":"Compute Engine API has not been used in project 1074237637946 before or it is disabled. Enable it by visiting https://console.developers.google.com/apis/api/compute.googleapis.com/overview?project=1074237637946 then retry. If you enabled this API recently, wait a few minutes for the action to propagate to our systems and retry.","domain":"usageLimits","reason":"accessNotConfigured","extendedHelp":"https://console.developers.google.com"}],"status":"PERMISSION_DENIED","details":[{"@type":"type.googleapis.com/google.rpc.ErrorInfo","reason":"SERVICE_DISABLED","domain":"googleapis.com","metadata":{"service":"compute.googleapis.com","activationUrl":"https://console.developers.google.com/apis/api/compute.googleapis.com/overview?project=1074237637946","serviceTitle":"Compute Engine API","consumer":"projects/1074237637946","containerInfo":"1074237637946"}},{"@type":"type.googleapis.com/google.rpc.LocalizedMessage","locale":"en-US","message":"Compute Engine API has not been used in project 1074237637946 before or it is disabled. Enable it by visiting https://console.developers.google.com/apis/api/compute.googleapis.com/overview?project=1074237637946 then retry. If you enabled this API recently, wait a few minutes for the action to propagate to our systems and retry."},{"@type":"type.googleapis.com/google.rpc.Help","links":[{"description":"Google developers console API activation","url":"https://console.developers.google.com/apis/api/compute.googleapis.com/overview?project=1074237637946"}]}]}}
[debug] [2025-11-04T18:54:37.756Z] unable to look up default compute service account. Falling back to 1074237637946-compute@developer.gserviceaccount.com. Error: {"name":"FirebaseError","children":[],"context":{"body":{"error":{"code":403,"message":"Compute Engine API has not been used in project 1074237637946 before or it is disabled. Enable it by visiting https://console.developers.google.com/apis/api/compute.googleapis.com/overview?project=1074237637946 then retry. If you enabled this API recently, wait a few minutes for the action to propagate to our systems and retry.","errors":[{"message":"Compute Engine API has not been used in project 1074237637946 before or it is disabled. Enable it by visiting https://console.developers.google.com/apis/api/compute.googleapis.com/overview?project=1074237637946 then retry. If you enabled this API recently, wait a few minutes for the action to propagate to our systems and retry.","domain":"usageLimits","reason":"accessNotConfigured","extendedHelp":"https://console.developers.google.com"}],"status":"PERMISSION_DENIED","details":[{"@type":"type.googleapis.com/google.rpc.ErrorInfo","reason":"SERVICE_DISABLED","domain":"googleapis.com","metadata":{"service":"compute.googleapis.com","activationUrl":"https://console.developers.google.com/apis/api/compute.googleapis.com/overview?project=1074237637946","serviceTitle":"Compute Engine API","consumer":"projects/1074237637946","containerInfo":"1074237637946"}},{"@type":"type.googleapis.com/google.rpc.LocalizedMessage","locale":"en-US","message":"Compute Engine API has not been used in project 1074237637946 before or it is disabled. Enable it by visiting https://console.developers.google.com/apis/api/compute.googleapis.com/overview?project=1074237637946 then retry. If you enabled this API recently, wait a few minutes for the action to propagate to our systems and retry."},{"@type":"type.googleapis.com/google.rpc.Help","links":[{"description":"Google developers console API activation","url":"https://console.developers.google.com/apis/api/compute.googleapis.com/overview?project=1074237637946"}]}]}},"response":{"statusCode":403}},"exit":1,"message":"Request to https://compute.googleapis.com/compute/v1/projects/1074237637946 had HTTP Error: 403, Compute Engine API has not been used in project 1074237637946 before or it is disabled. Enable it by visiting https://console.developers.google.com/apis/api/compute.googleapis.com/overview?project=1074237637946 then retry. If you enabled this API recently, wait a few minutes for the action to propagate to our systems and retry.","status":403}
[debug] [2025-11-04T18:54:37.759Z] Checked if tokens are valid: true, expires at: 1762285282936
[debug] [2025-11-04T18:54:37.759Z] Checked if tokens are valid: true, expires at: 1762285282936
[debug] [2025-11-04T18:54:37.760Z] >>> [apiv2][query] GET https://cloudbilling.googleapis.com/v1/projects/mediagrowth-a5349/billingInfo [none]
[debug] [2025-11-04T18:54:38.770Z] <<< [apiv2][status] GET https://cloudbilling.googleapis.com/v1/projects/mediagrowth-a5349/billingInfo 200
[debug] [2025-11-04T18:54:38.770Z] <<< [apiv2][body] GET https://cloudbilling.googleapis.com/v1/projects/mediagrowth-a5349/billingInfo {"name":"projects/mediagrowth-a5349/billingInfo","projectId":"mediagrowth-a5349","billingAccountName":"billingAccounts/01334E-1C4F70-4F6FC0","billingEnabled":true}
[debug] [2025-11-04T18:54:38.773Z] Checked if tokens are valid: true, expires at: 1762285282936
[debug] [2025-11-04T18:54:38.773Z] Checked if tokens are valid: true, expires at: 1762285282936
[debug] [2025-11-04T18:54:38.774Z] >>> [apiv2][query] POST https://cloudfunctions.googleapis.com/v2/projects/mediagrowth-a5349/locations/us-central1/functions:generateUploadUrl [none]
[debug] [2025-11-04T18:54:39.804Z] <<< [apiv2][status] POST https://cloudfunctions.googleapis.com/v2/projects/mediagrowth-a5349/locations/us-central1/functions:generateUploadUrl 200
[debug] [2025-11-04T18:54:39.806Z] <<< [apiv2][body] POST https://cloudfunctions.googleapis.com/v2/projects/mediagrowth-a5349/locations/us-central1/functions:generateUploadUrl {"uploadUrl":"https://storage.googleapis.com/gcf-v2-uploads-1074237637946.us-central1.cloudfunctions.appspot.com/3733aeee-bfe3-46f8-a5d8-82eb5c8ce3cc.zip?GoogleAccessId=service-1074237637946@gcf-admin-robot.iam.gserviceaccount.com&Expires=1762284279&Signature=OF7%2FjrKPwGUE4QcuD5v2gHFMDnThDzLyaouFnEMXk6kzzsvFZ%2BECEMRF1%2FvtUlBETDgMk%2BYkfXgJoiFF%2FGufkvzyI5EhrRyalNAX1hCjsKRclPK%2B6hufug9baUF1T7w%2B%2F47ZhwVcucEPyvpYCYHcOY8wc2vddfWddzMqIEZE%2BkqXGQ%2FZrV9O3DQvJl8jrzTeEe5VOM%2F7JB30gu4%2FhNHSFAfeLwwIGDKO0mcmzyfO0b7Ozu4upgJgDYbG1gUP3X5%2B0%2B%2BcRzegtPIVjD%2Fy2z6w8OGjEZMGzd6hh2PPNy7QSbJTruM7TAkpaPn5iPT8A2RQ3GIwrlyu0FmoCBzhDuf9wg%3D%3D","storageSource":{"bucket":"gcf-v2-uploads-1074237637946.us-central1.cloudfunctions.appspot.com","object":"3733aeee-bfe3-46f8-a5d8-82eb5c8ce3cc.zip"}}
[debug] [2025-11-04T18:54:39.811Z] >>> [apiv2][query] PUT https://storage.googleapis.com/gcf-v2-uploads-1074237637946.us-central1.cloudfunctions.appspot.com/3733aeee-bfe3-46f8-a5d8-82eb5c8ce3cc.zip GoogleAccessId=service-1074237637946%40gcf-admin-robot.iam.gserviceaccount.com&Expires=1762284279&Signature=OF7%2FjrKPwGUE4QcuD5v2gHFMDnThDzLyaouFnEMXk6kzzsvFZ%2BECEMRF1%2FvtUlBETDgMk%2BYkfXgJoiFF%2FGufkvzyI5EhrRyalNAX1hCjsKRclPK%2B6hufug9baUF1T7w%2B%2F47ZhwVcucEPyvpYCYHcOY8wc2vddfWddzMqIEZE%2BkqXGQ%2FZrV9O3DQvJl8jrzTeEe5VOM%2F7JB30gu4%2FhNHSFAfeLwwIGDKO0mcmzyfO0b7Ozu4upgJgDYbG1gUP3X5%2B0%2B%2BcRzegtPIVjD%2Fy2z6w8OGjEZMGzd6hh2PPNy7QSbJTruM7TAkpaPn5iPT8A2RQ3GIwrlyu0FmoCBzhDuf9wg%3D%3D
[debug] [2025-11-04T18:54:39.812Z] >>> [apiv2][body] PUT https://storage.googleapis.com/gcf-v2-uploads-1074237637946.us-central1.cloudfunctions.appspot.com/3733aeee-bfe3-46f8-a5d8-82eb5c8ce3cc.zip [stream]
[debug] [2025-11-04T18:54:40.510Z] <<< [apiv2][status] PUT https://storage.googleapis.com/gcf-v2-uploads-1074237637946.us-central1.cloudfunctions.appspot.com/3733aeee-bfe3-46f8-a5d8-82eb5c8ce3cc.zip 200
[debug] [2025-11-04T18:54:40.511Z] <<< [apiv2][body] PUT https://storage.googleapis.com/gcf-v2-uploads-1074237637946.us-central1.cloudfunctions.appspot.com/3733aeee-bfe3-46f8-a5d8-82eb5c8ce3cc.zip [omitted]
[info] ✔  functions: functions source uploaded successfully 
[info] i  functions: updating Node.js 22 (2nd Gen) function receiveLead(us-central1)... 
[debug] [2025-11-04T18:54:40.528Z] Checked if tokens are valid: true, expires at: 1762285282936
[debug] [2025-11-04T18:54:40.528Z] Checked if tokens are valid: true, expires at: 1762285282936
[debug] [2025-11-04T18:54:40.528Z] >>> [apiv2][query] PATCH https://cloudfunctions.googleapis.com/v2/projects/mediagrowth-a5349/locations/us-central1/functions/receiveLead updateMask=name%2CbuildConfig.runtime%2CbuildConfig.entryPoint%2CbuildConfig.source.storageSource.bucket%2CbuildConfig.source.storageSource.object%2CbuildConfig.environmentVariables%2CbuildConfig.sourceToken%2CserviceConfig.environmentVariables%2CserviceConfig.ingressSettings%2CserviceConfig.timeoutSeconds%2CserviceConfig.serviceAccountEmail%2CserviceConfig.availableMemory%2CserviceConfig.minInstanceCount%2CserviceConfig.maxInstanceCount%2CserviceConfig.maxInstanceRequestConcurrency%2CserviceConfig.availableCpu%2CserviceConfig.vpcConnector%2CserviceConfig.vpcConnectorEgressSettings%2Clabels
[debug] [2025-11-04T18:54:40.528Z] >>> [apiv2][body] PATCH https://cloudfunctions.googleapis.com/v2/projects/mediagrowth-a5349/locations/us-central1/functions/receiveLead {"name":"projects/mediagrowth-a5349/locations/us-central1/functions/receiveLead","buildConfig":{"runtime":"nodejs22","entryPoint":"receiveLead","source":{"storageSource":{"bucket":"gcf-v2-uploads-1074237637946.us-central1.cloudfunctions.appspot.com","object":"3733aeee-bfe3-46f8-a5d8-82eb5c8ce3cc.zip"}},"environmentVariables":{"GOOGLE_NODE_RUN_SCRIPTS":""}},"serviceConfig":{"environmentVariables":{"FIREBASE_CONFIG":"{\"projectId\":\"mediagrowth-a5349\",\"storageBucket\":\"mediagrowth-a5349.firebasestorage.app\"}","GCLOUD_PROJECT":"mediagrowth-a5349","EVENTARC_CLOUD_EVENT_SOURCE":"projects/mediagrowth-a5349/locations/us-central1/services/receiveLead","FUNCTION_TARGET":"receiveLead","LOG_EXECUTION_ID":"true"},"ingressSettings":null,"timeoutSeconds":null,"serviceAccountEmail":null,"availableMemory":"256Mi","minInstanceCount":null,"maxInstanceCount":null,"maxInstanceRequestConcurrency":80,"availableCpu":"1","vpcConnector":null,"vpcConnectorEgressSettings":null},"labels":{"deployment-tool":"cli-firebase","firebase-functions-hash":"c1e579cf846c80772ad36cd868a678f16835ccaa"}}
[debug] [2025-11-04T18:54:42.445Z] <<< [apiv2][status] PATCH https://cloudfunctions.googleapis.com/v2/projects/mediagrowth-a5349/locations/us-central1/functions/receiveLead 200
[debug] [2025-11-04T18:54:42.447Z] <<< [apiv2][body] PATCH https://cloudfunctions.googleapis.com/v2/projects/mediagrowth-a5349/locations/us-central1/functions/receiveLead {"name":"projects/mediagrowth-a5349/locations/us-central1/operations/operation-1762282481355-642c95d4b8b41-24b8b585-97d369f0","metadata":{"@type":"type.googleapis.com/google.cloud.functions.v2.OperationMetadata","createTime":"2025-11-04T18:54:42.311076794Z","target":"projects/mediagrowth-a5349/locations/us-central1/functions/receiveLead","verb":"update","cancelRequested":false,"apiVersion":"v2"},"done":false}
[debug] [2025-11-04T18:54:42.449Z] Checked if tokens are valid: true, expires at: 1762285282936
[debug] [2025-11-04T18:54:42.449Z] Checked if tokens are valid: true, expires at: 1762285282936
[debug] [2025-11-04T18:54:42.450Z] >>> [apiv2][query] GET https://cloudfunctions.googleapis.com/v2/projects/mediagrowth-a5349/locations/us-central1/operations/operation-1762282481355-642c95d4b8b41-24b8b585-97d369f0 [none]
[debug] [2025-11-04T18:54:43.403Z] <<< [apiv2][status] GET https://cloudfunctions.googleapis.com/v2/projects/mediagrowth-a5349/locations/us-central1/operations/operation-1762282481355-642c95d4b8b41-24b8b585-97d369f0 200
[debug] [2025-11-04T18:54:43.403Z] <<< [apiv2][body] GET https://cloudfunctions.googleapis.com/v2/projects/mediagrowth-a5349/locations/us-central1/operations/operation-1762282481355-642c95d4b8b41-24b8b585-97d369f0 {"name":"projects/mediagrowth-a5349/locations/us-central1/operations/operation-1762282481355-642c95d4b8b41-24b8b585-97d369f0","metadata":{"@type":"type.googleapis.com/google.cloud.functions.v2.OperationMetadata","createTime":"2025-11-04T18:54:42.311076794Z","target":"projects/mediagrowth-a5349/locations/us-central1/functions/receiveLead","verb":"update","cancelRequested":false,"apiVersion":"v2","requestResource":{"@type":"type.googleapis.com/google.cloud.functions.v2.Function","name":"projects/mediagrowth-a5349/locations/us-central1/functions/receiveLead","buildConfig":{"runtime":"nodejs22","entryPoint":"receiveLead","source":{"storageSource":{"bucket":"gcf-v2-sources-1074237637946-us-central1","object":"receiveLead/function-source.zip","generation":"1762282482243514"}},"environmentVariables":{"GOOGLE_NODE_RUN_SCRIPTS":""},"dockerRepository":"projects/mediagrowth-a5349/locations/us-central1/repositories/gcf-artifacts","sourceProvenance":{"resolvedStorageSource":{"bucket":"gcf-v2-sources-1074237637946-us-central1","object":"receiveLead/function-source.zip","generation":"1762282245945560"}},"dockerRegistry":"ARTIFACT_REGISTRY","serviceAccount":"projects/mediagrowth-a5349/serviceAccounts/1074237637946-compute@developer.gserviceaccount.com","automaticUpdatePolicy":{}},"serviceConfig":{"service":"projects/mediagrowth-a5349/locations/us-central1/services/receivelead","timeoutSeconds":60,"environmentVariables":{"FIREBASE_CONFIG":"{\"projectId\":\"mediagrowth-a5349\",\"storageBucket\":\"mediagrowth-a5349.firebasestorage.app\"}","GCLOUD_PROJECT":"mediagrowth-a5349","EVENTARC_CLOUD_EVENT_SOURCE":"projects/mediagrowth-a5349/locations/us-central1/services/receiveLead","FUNCTION_TARGET":"receiveLead","LOG_EXECUTION_ID":"true"},"ingressSettings":"ALLOW_ALL","uri":"https://receivelead-2uquufjjxa-uc.a.run.app","serviceAccountEmail":"1074237637946-compute@developer.gserviceaccount.com","availableMemory":"256Mi","allTrafficOnLatestRevision":true,"revision":"receivelead-00002-yir","maxInstanceRequestConcurrency":80,"availableCpu":"1"},"state":"ACTIVE","labels":{"deployment-tool":"cli-firebase","firebase-functions-hash":"c1e579cf846c80772ad36cd868a678f16835ccaa"},"environment":"GEN_2","url":"https://us-central1-mediagrowth-a5349.cloudfunctions.net/receiveLead","satisfiesPzi":true},"stages":[{"name":"BUILD","state":"NOT_STARTED"},{"name":"SERVICE","state":"NOT_STARTED"}],"operationType":"UPDATE_FUNCTION"},"done":false}
[debug] [2025-11-04T18:54:43.906Z] [update-default-us-central1-receiveLead] Retrying task index 0
[debug] [2025-11-04T18:54:43.907Z] Checked if tokens are valid: true, expires at: 1762285282936
[debug] [2025-11-04T18:54:43.907Z] Checked if tokens are valid: true, expires at: 1762285282936
[debug] [2025-11-04T18:54:43.907Z] >>> [apiv2][query] GET https://cloudfunctions.googleapis.com/v2/projects/mediagrowth-a5349/locations/us-central1/operations/operation-1762282481355-642c95d4b8b41-24b8b585-97d369f0 [none]
[debug] [2025-11-04T18:54:45.103Z] <<< [apiv2][status] GET https://cloudfunctions.googleapis.com/v2/projects/mediagrowth-a5349/locations/us-central1/operations/operation-1762282481355-642c95d4b8b41-24b8b585-97d369f0 200
[debug] [2025-11-04T18:54:45.110Z] <<< [apiv2][body] GET https://cloudfunctions.googleapis.com/v2/projects/mediagrowth-a5349/locations/us-central1/operations/operation-1762282481355-642c95d4b8b41-24b8b585-97d369f0 {"name":"projects/mediagrowth-a5349/locations/us-central1/operations/operation-1762282481355-642c95d4b8b41-24b8b585-97d369f0","metadata":{"@type":"type.googleapis.com/google.cloud.functions.v2.OperationMetadata","createTime":"2025-11-04T18:54:42.311076794Z","target":"projects/mediagrowth-a5349/locations/us-central1/functions/receiveLead","verb":"update","cancelRequested":false,"apiVersion":"v2","requestResource":{"@type":"type.googleapis.com/google.cloud.functions.v2.Function","name":"projects/mediagrowth-a5349/locations/us-central1/functions/receiveLead","buildConfig":{"runtime":"nodejs22","entryPoint":"receiveLead","source":{"storageSource":{"bucket":"gcf-v2-sources-1074237637946-us-central1","object":"receiveLead/function-source.zip","generation":"1762282482243514"}},"environmentVariables":{"GOOGLE_NODE_RUN_SCRIPTS":""},"dockerRepository":"projects/mediagrowth-a5349/locations/us-central1/repositories/gcf-artifacts","sourceProvenance":{"resolvedStorageSource":{"bucket":"gcf-v2-sources-1074237637946-us-central1","object":"receiveLead/function-source.zip","generation":"1762282245945560"}},"dockerRegistry":"ARTIFACT_REGISTRY","serviceAccount":"projects/mediagrowth-a5349/serviceAccounts/1074237637946-compute@developer.gserviceaccount.com","automaticUpdatePolicy":{}},"serviceConfig":{"service":"projects/mediagrowth-a5349/locations/us-central1/services/receivelead","timeoutSeconds":60,"environmentVariables":{"FIREBASE_CONFIG":"{\"projectId\":\"mediagrowth-a5349\",\"storageBucket\":\"mediagrowth-a5349.firebasestorage.app\"}","GCLOUD_PROJECT":"mediagrowth-a5349","EVENTARC_CLOUD_EVENT_SOURCE":"projects/mediagrowth-a5349/locations/us-central1/services/receiveLead","FUNCTION_TARGET":"receiveLead","LOG_EXECUTION_ID":"true"},"ingressSettings":"ALLOW_ALL","uri":"https://receivelead-2uquufjjxa-uc.a.run.app","serviceAccountEmail":"1074237637946-compute@developer.gserviceaccount.com","availableMemory":"256Mi","allTrafficOnLatestRevision":true,"revision":"receivelead-00002-yir","maxInstanceRequestConcurrency":80,"availableCpu":"1"},"state":"ACTIVE","labels":{"deployment-tool":"cli-firebase","firebase-functions-hash":"c1e579cf846c80772ad36cd868a678f16835ccaa"},"environment":"GEN_2","url":"https://us-central1-mediagrowth-a5349.cloudfunctions.net/receiveLead","satisfiesPzi":true},"stages":[{"name":"BUILD","message":"Build in progress","state":"IN_PROGRESS","resource":"projects/1074237637946/locations/us-central1/builds/270e5ee8-330a-45de-a8d4-a3a1737ad6cd","resourceUri":"https://console.cloud.google.com/cloud-build/builds;region=us-central1/270e5ee8-330a-45de-a8d4-a3a1737ad6cd?project=1074237637946"},{"name":"SERVICE","state":"NOT_STARTED"}],"operationType":"UPDATE_FUNCTION","buildName":"projects/1074237637946/locations/us-central1/builds/270e5ee8-330a-45de-a8d4-a3a1737ad6cd"},"done":false}
[debug] [2025-11-04T18:54:46.119Z] [update-default-us-central1-receiveLead] Retrying task index 0
[debug] [2025-11-04T18:54:46.123Z] Checked if tokens are valid: true, expires at: 1762285282936
[debug] [2025-11-04T18:54:46.123Z] Checked if tokens are valid: true, expires at: 1762285282936
[debug] [2025-11-04T18:54:46.123Z] >>> [apiv2][query] GET https://cloudfunctions.googleapis.com/v2/projects/mediagrowth-a5349/locations/us-central1/operations/operation-1762282481355-642c95d4b8b41-24b8b585-97d369f0 [none]
[debug] [2025-11-04T18:54:47.181Z] <<< [apiv2][status] GET https://cloudfunctions.googleapis.com/v2/projects/mediagrowth-a5349/locations/us-central1/operations/operation-1762282481355-642c95d4b8b41-24b8b585-97d369f0 200
[debug] [2025-11-04T18:54:47.182Z] <<< [apiv2][body] GET https://cloudfunctions.googleapis.com/v2/projects/mediagrowth-a5349/locations/us-central1/operations/operation-1762282481355-642c95d4b8b41-24b8b585-97d369f0 {"name":"projects/mediagrowth-a5349/locations/us-central1/operations/operation-1762282481355-642c95d4b8b41-24b8b585-97d369f0","metadata":{"@type":"type.googleapis.com/google.cloud.functions.v2.OperationMetadata","createTime":"2025-11-04T18:54:42.311076794Z","target":"projects/mediagrowth-a5349/locations/us-central1/functions/receiveLead","verb":"update","cancelRequested":false,"apiVersion":"v2","requestResource":{"@type":"type.googleapis.com/google.cloud.functions.v2.Function","name":"projects/mediagrowth-a5349/locations/us-central1/functions/receiveLead","buildConfig":{"runtime":"nodejs22","entryPoint":"receiveLead","source":{"storageSource":{"bucket":"gcf-v2-sources-1074237637946-us-central1","object":"receiveLead/function-source.zip","generation":"1762282482243514"}},"environmentVariables":{"GOOGLE_NODE_RUN_SCRIPTS":""},"dockerRepository":"projects/mediagrowth-a5349/locations/us-central1/repositories/gcf-artifacts","sourceProvenance":{"resolvedStorageSource":{"bucket":"gcf-v2-sources-1074237637946-us-central1","object":"receiveLead/function-source.zip","generation":"1762282245945560"}},"dockerRegistry":"ARTIFACT_REGISTRY","serviceAccount":"projects/mediagrowth-a5349/serviceAccounts/1074237637946-compute@developer.gserviceaccount.com","automaticUpdatePolicy":{}},"serviceConfig":{"service":"projects/mediagrowth-a5349/locations/us-central1/services/receivelead","timeoutSeconds":60,"environmentVariables":{"FIREBASE_CONFIG":"{\"projectId\":\"mediagrowth-a5349\",\"storageBucket\":\"mediagrowth-a5349.firebasestorage.app\"}","GCLOUD_PROJECT":"mediagrowth-a5349","EVENTARC_CLOUD_EVENT_SOURCE":"projects/mediagrowth-a5349/locations/us-central1/services/receiveLead","FUNCTION_TARGET":"receiveLead","LOG_EXECUTION_ID":"true"},"ingressSettings":"ALLOW_ALL","uri":"https://receivelead-2uquufjjxa-uc.a.run.app","serviceAccountEmail":"1074237637946-compute@developer.gserviceaccount.com","availableMemory":"256Mi","allTrafficOnLatestRevision":true,"revision":"receivelead-00002-yir","maxInstanceRequestConcurrency":80,"availableCpu":"1"},"state":"ACTIVE","labels":{"deployment-tool":"cli-firebase","firebase-functions-hash":"c1e579cf846c80772ad36cd868a678f16835ccaa"},"environment":"GEN_2","url":"https://us-central1-mediagrowth-a5349.cloudfunctions.net/receiveLead","satisfiesPzi":true},"stages":[{"name":"BUILD","message":"Build in progress","state":"IN_PROGRESS","resource":"projects/1074237637946/locations/us-central1/builds/270e5ee8-330a-45de-a8d4-a3a1737ad6cd","resourceUri":"https://console.cloud.google.com/cloud-build/builds;region=us-central1/270e5ee8-330a-45de-a8d4-a3a1737ad6cd?project=1074237637946"},{"name":"SERVICE","state":"NOT_STARTED"}],"operationType":"UPDATE_FUNCTION","buildName":"projects/1074237637946/locations/us-central1/builds/270e5ee8-330a-45de-a8d4-a3a1737ad6cd"},"done":false}
[debug] [2025-11-04T18:54:49.184Z] [update-default-us-central1-receiveLead] Retrying task index 0
[debug] [2025-11-04T18:54:49.187Z] Checked if tokens are valid: true, expires at: 1762285282936
[debug] [2025-11-04T18:54:49.187Z] Checked if tokens are valid: true, expires at: 1762285282936
[debug] [2025-11-04T18:54:49.188Z] >>> [apiv2][query] GET https://cloudfunctions.googleapis.com/v2/projects/mediagrowth-a5349/locations/us-central1/operations/operation-1762282481355-642c95d4b8b41-24b8b585-97d369f0 [none]
[debug] [2025-11-04T18:54:50.146Z] <<< [apiv2][status] GET https://cloudfunctions.googleapis.com/v2/projects/mediagrowth-a5349/locations/us-central1/operations/operation-1762282481355-642c95d4b8b41-24b8b585-97d369f0 200
[debug] [2025-11-04T18:54:50.146Z] <<< [apiv2][body] GET https://cloudfunctions.googleapis.com/v2/projects/mediagrowth-a5349/locations/us-central1/operations/operation-1762282481355-642c95d4b8b41-24b8b585-97d369f0 {"name":"projects/mediagrowth-a5349/locations/us-central1/operations/operation-1762282481355-642c95d4b8b41-24b8b585-97d369f0","metadata":{"@type":"type.googleapis.com/google.cloud.functions.v2.OperationMetadata","createTime":"2025-11-04T18:54:42.311076794Z","target":"projects/mediagrowth-a5349/locations/us-central1/functions/receiveLead","verb":"update","cancelRequested":false,"apiVersion":"v2","requestResource":{"@type":"type.googleapis.com/google.cloud.functions.v2.Function","name":"projects/mediagrowth-a5349/locations/us-central1/functions/receiveLead","buildConfig":{"runtime":"nodejs22","entryPoint":"receiveLead","source":{"storageSource":{"bucket":"gcf-v2-sources-1074237637946-us-central1","object":"receiveLead/function-source.zip","generation":"1762282482243514"}},"environmentVariables":{"GOOGLE_NODE_RUN_SCRIPTS":""},"dockerRepository":"projects/mediagrowth-a5349/locations/us-central1/repositories/gcf-artifacts","sourceProvenance":{"resolvedStorageSource":{"bucket":"gcf-v2-sources-1074237637946-us-central1","object":"receiveLead/function-source.zip","generation":"1762282245945560"}},"dockerRegistry":"ARTIFACT_REGISTRY","serviceAccount":"projects/mediagrowth-a5349/serviceAccounts/1074237637946-compute@developer.gserviceaccount.com","automaticUpdatePolicy":{}},"serviceConfig":{"service":"projects/mediagrowth-a5349/locations/us-central1/services/receivelead","timeoutSeconds":60,"environmentVariables":{"FIREBASE_CONFIG":"{\"projectId\":\"mediagrowth-a5349\",\"storageBucket\":\"mediagrowth-a5349.firebasestorage.app\"}","GCLOUD_PROJECT":"mediagrowth-a5349","EVENTARC_CLOUD_EVENT_SOURCE":"projects/mediagrowth-a5349/locations/us-central1/services/receiveLead","FUNCTION_TARGET":"receiveLead","LOG_EXECUTION_ID":"true"},"ingressSettings":"ALLOW_ALL","uri":"https://receivelead-2uquufjjxa-uc.a.run.app","serviceAccountEmail":"1074237637946-compute@developer.gserviceaccount.com","availableMemory":"256Mi","allTrafficOnLatestRevision":true,"revision":"receivelead-00002-yir","maxInstanceRequestConcurrency":80,"availableCpu":"1"},"state":"ACTIVE","labels":{"deployment-tool":"cli-firebase","firebase-functions-hash":"c1e579cf846c80772ad36cd868a678f16835ccaa"},"environment":"GEN_2","url":"https://us-central1-mediagrowth-a5349.cloudfunctions.net/receiveLead","satisfiesPzi":true},"stages":[{"name":"BUILD","message":"Build in progress","state":"IN_PROGRESS","resource":"projects/1074237637946/locations/us-central1/builds/270e5ee8-330a-45de-a8d4-a3a1737ad6cd","resourceUri":"https://console.cloud.google.com/cloud-build/builds;region=us-central1/270e5ee8-330a-45de-a8d4-a3a1737ad6cd?project=1074237637946"},{"name":"SERVICE","state":"NOT_STARTED"}],"operationType":"UPDATE_FUNCTION","buildName":"projects/1074237637946/locations/us-central1/builds/270e5ee8-330a-45de-a8d4-a3a1737ad6cd"},"done":false}
[debug] [2025-11-04T18:54:54.149Z] [update-default-us-central1-receiveLead] Retrying task index 0
[debug] [2025-11-04T18:54:54.155Z] Checked if tokens are valid: true, expires at: 1762285282936
[debug] [2025-11-04T18:54:54.156Z] Checked if tokens are valid: true, expires at: 1762285282936
[debug] [2025-11-04T18:54:54.156Z] >>> [apiv2][query] GET https://cloudfunctions.googleapis.com/v2/projects/mediagrowth-a5349/locations/us-central1/operations/operation-1762282481355-642c95d4b8b41-24b8b585-97d369f0 [none]
[debug] [2025-11-04T18:54:55.212Z] <<< [apiv2][status] GET https://cloudfunctions.googleapis.com/v2/projects/mediagrowth-a5349/locations/us-central1/operations/operation-1762282481355-642c95d4b8b41-24b8b585-97d369f0 200
[debug] [2025-11-04T18:54:55.213Z] <<< [apiv2][body] GET https://cloudfunctions.googleapis.com/v2/projects/mediagrowth-a5349/locations/us-central1/operations/operation-1762282481355-642c95d4b8b41-24b8b585-97d369f0 {"name":"projects/mediagrowth-a5349/locations/us-central1/operations/operation-1762282481355-642c95d4b8b41-24b8b585-97d369f0","metadata":{"@type":"type.googleapis.com/google.cloud.functions.v2.OperationMetadata","createTime":"2025-11-04T18:54:42.311076794Z","target":"projects/mediagrowth-a5349/locations/us-central1/functions/receiveLead","verb":"update","cancelRequested":false,"apiVersion":"v2","requestResource":{"@type":"type.googleapis.com/google.cloud.functions.v2.Function","name":"projects/mediagrowth-a5349/locations/us-central1/functions/receiveLead","buildConfig":{"runtime":"nodejs22","entryPoint":"receiveLead","source":{"storageSource":{"bucket":"gcf-v2-sources-1074237637946-us-central1","object":"receiveLead/function-source.zip","generation":"1762282482243514"}},"environmentVariables":{"GOOGLE_NODE_RUN_SCRIPTS":""},"dockerRepository":"projects/mediagrowth-a5349/locations/us-central1/repositories/gcf-artifacts","sourceProvenance":{"resolvedStorageSource":{"bucket":"gcf-v2-sources-1074237637946-us-central1","object":"receiveLead/function-source.zip","generation":"1762282245945560"}},"dockerRegistry":"ARTIFACT_REGISTRY","serviceAccount":"projects/mediagrowth-a5349/serviceAccounts/1074237637946-compute@developer.gserviceaccount.com","automaticUpdatePolicy":{}},"serviceConfig":{"service":"projects/mediagrowth-a5349/locations/us-central1/services/receivelead","timeoutSeconds":60,"environmentVariables":{"FIREBASE_CONFIG":"{\"projectId\":\"mediagrowth-a5349\",\"storageBucket\":\"mediagrowth-a5349.firebasestorage.app\"}","GCLOUD_PROJECT":"mediagrowth-a5349","EVENTARC_CLOUD_EVENT_SOURCE":"projects/mediagrowth-a5349/locations/us-central1/services/receiveLead","FUNCTION_TARGET":"receiveLead","LOG_EXECUTION_ID":"true"},"ingressSettings":"ALLOW_ALL","uri":"https://receivelead-2uquufjjxa-uc.a.run.app","serviceAccountEmail":"1074237637946-compute@developer.gserviceaccount.com","availableMemory":"256Mi","allTrafficOnLatestRevision":true,"revision":"receivelead-00002-yir","maxInstanceRequestConcurrency":80,"availableCpu":"1"},"state":"ACTIVE","labels":{"deployment-tool":"cli-firebase","firebase-functions-hash":"c1e579cf846c80772ad36cd868a678f16835ccaa"},"environment":"GEN_2","url":"https://us-central1-mediagrowth-a5349.cloudfunctions.net/receiveLead","satisfiesPzi":true},"stages":[{"name":"BUILD","message":"Build in progress","state":"IN_PROGRESS","resource":"projects/1074237637946/locations/us-central1/builds/270e5ee8-330a-45de-a8d4-a3a1737ad6cd","resourceUri":"https://console.cloud.google.com/cloud-build/builds;region=us-central1/270e5ee8-330a-45de-a8d4-a3a1737ad6cd?project=1074237637946"},{"name":"SERVICE","state":"NOT_STARTED"}],"operationType":"UPDATE_FUNCTION","buildName":"projects/1074237637946/locations/us-central1/builds/270e5ee8-330a-45de-a8d4-a3a1737ad6cd"},"done":false}
[debug] [2025-11-04T18:55:03.227Z] [update-default-us-central1-receiveLead] Retrying task index 0
[debug] [2025-11-04T18:55:03.246Z] Checked if tokens are valid: true, expires at: 1762285282936
[debug] [2025-11-04T18:55:03.246Z] Checked if tokens are valid: true, expires at: 1762285282936
[debug] [2025-11-04T18:55:03.249Z] >>> [apiv2][query] GET https://cloudfunctions.googleapis.com/v2/projects/mediagrowth-a5349/locations/us-central1/operations/operation-1762282481355-642c95d4b8b41-24b8b585-97d369f0 [none]
[debug] [2025-11-04T18:55:04.452Z] <<< [apiv2][status] GET https://cloudfunctions.googleapis.com/v2/projects/mediagrowth-a5349/locations/us-central1/operations/operation-1762282481355-642c95d4b8b41-24b8b585-97d369f0 200
[debug] [2025-11-04T18:55:04.453Z] <<< [apiv2][body] GET https://cloudfunctions.googleapis.com/v2/projects/mediagrowth-a5349/locations/us-central1/operations/operation-1762282481355-642c95d4b8b41-24b8b585-97d369f0 {"name":"projects/mediagrowth-a5349/locations/us-central1/operations/operation-1762282481355-642c95d4b8b41-24b8b585-97d369f0","metadata":{"@type":"type.googleapis.com/google.cloud.functions.v2.OperationMetadata","createTime":"2025-11-04T18:54:42.311076794Z","target":"projects/mediagrowth-a5349/locations/us-central1/functions/receiveLead","verb":"update","cancelRequested":false,"apiVersion":"v2","requestResource":{"@type":"type.googleapis.com/google.cloud.functions.v2.Function","name":"projects/mediagrowth-a5349/locations/us-central1/functions/receiveLead","buildConfig":{"runtime":"nodejs22","entryPoint":"receiveLead","source":{"storageSource":{"bucket":"gcf-v2-sources-1074237637946-us-central1","object":"receiveLead/function-source.zip","generation":"1762282482243514"}},"environmentVariables":{"GOOGLE_NODE_RUN_SCRIPTS":""},"dockerRepository":"projects/mediagrowth-a5349/locations/us-central1/repositories/gcf-artifacts","sourceProvenance":{"resolvedStorageSource":{"bucket":"gcf-v2-sources-1074237637946-us-central1","object":"receiveLead/function-source.zip","generation":"1762282245945560"}},"dockerRegistry":"ARTIFACT_REGISTRY","serviceAccount":"projects/mediagrowth-a5349/serviceAccounts/1074237637946-compute@developer.gserviceaccount.com","automaticUpdatePolicy":{}},"serviceConfig":{"service":"projects/mediagrowth-a5349/locations/us-central1/services/receivelead","timeoutSeconds":60,"environmentVariables":{"FIREBASE_CONFIG":"{\"projectId\":\"mediagrowth-a5349\",\"storageBucket\":\"mediagrowth-a5349.firebasestorage.app\"}","GCLOUD_PROJECT":"mediagrowth-a5349","EVENTARC_CLOUD_EVENT_SOURCE":"projects/mediagrowth-a5349/locations/us-central1/services/receiveLead","FUNCTION_TARGET":"receiveLead","LOG_EXECUTION_ID":"true"},"ingressSettings":"ALLOW_ALL","uri":"https://receivelead-2uquufjjxa-uc.a.run.app","serviceAccountEmail":"1074237637946-compute@developer.gserviceaccount.com","availableMemory":"256Mi","allTrafficOnLatestRevision":true,"revision":"receivelead-00002-yir","maxInstanceRequestConcurrency":80,"availableCpu":"1"},"state":"ACTIVE","labels":{"deployment-tool":"cli-firebase","firebase-functions-hash":"c1e579cf846c80772ad36cd868a678f16835ccaa"},"environment":"GEN_2","url":"https://us-central1-mediagrowth-a5349.cloudfunctions.net/receiveLead","satisfiesPzi":true},"stages":[{"name":"BUILD","message":"Build in progress","state":"IN_PROGRESS","resource":"projects/1074237637946/locations/us-central1/builds/270e5ee8-330a-45de-a8d4-a3a1737ad6cd","resourceUri":"https://console.cloud.google.com/cloud-build/builds;region=us-central1/270e5ee8-330a-45de-a8d4-a3a1737ad6cd?project=1074237637946"},{"name":"SERVICE","state":"NOT_STARTED"}],"operationType":"UPDATE_FUNCTION","buildName":"projects/1074237637946/locations/us-central1/builds/270e5ee8-330a-45de-a8d4-a3a1737ad6cd"},"done":false}
